# JRE version: Java(TM) SE Runtime Environment (8.0_92-b14) (build 1.8.0_92-b14)
# Java VM: Java HotSpot(TM) 64-Bit Server VM (25.92-b14 mixed mode windows-amd64 compressed oops)
Heap:
 PSYoungGen      total 175104K, used 67804K [0x00000000d5d80000, 0x00000000e3d80000, 0x0000000100000000)
  eden space 159232K, 42% used [0x00000000d5d80000,0x00000000d9fb70c0,0x00000000df900000)
  from space 15872K, 0% used [0x00000000df900000,0x00000000df900000,0x00000000e0880000)
  to   space 18944K, 0% used [0x00000000e2b00000,0x00000000e2b00000,0x00000000e3d80000)
 ParOldGen       total 128000K, used 31733K [0x0000000081800000, 0x0000000089500000, 0x00000000d5d80000)
  object space 128000K, 24% used [0x0000000081800000,0x00000000836fd488,0x0000000089500000)
 Metaspace       used 61467K, capacity 64536K, committed 64808K, reserved 1105920K
  class space    used 8158K, capacity 8657K, committed 8752K, reserved 1048576K
GC Heap History (10 events):
Event: 8.926 GC heap before
{Heap before GC invocations=8 (full 1):
 PSYoungGen      total 112640K, used 84436K [0x00000000d5d80000, 0x00000000dda80000, 0x0000000100000000)
  eden space 104448K, 73% used [0x00000000d5d80000,0x00000000da7f8940,0x00000000dc380000)
  from space 8192K, 99% used [0x00000000dcd80000,0x00000000dd57c7f8,0x00000000dd580000)
  to   space 10240K, 0% used [0x00000000dc380000,0x00000000dc380000,0x00000000dcd80000)
 ParOldGen       total 54272K, used 7278K [0x0000000081800000, 0x0000000084d00000, 0x00000000d5d80000)
  object space 54272K, 13% used [0x0000000081800000,0x0000000081f1ba90,0x0000000084d00000)
 Metaspace       used 33837K, capacity 35378K, committed 35496K, reserved 1079296K
  class space    used 4390K, capacity 4684K, committed 4784K, reserved 1048576K
Event: 8.947 GC heap after
Heap after GC invocations=8 (full 1):
 PSYoungGen      total 114688K, used 10211K [0x00000000d5d80000, 0x00000000e1800000, 0x0000000100000000)
  eden space 104448K, 0% used [0x00000000d5d80000,0x00000000d5d80000,0x00000000dc380000)
  from space 10240K, 99% used [0x00000000dc380000,0x00000000dcd78c30,0x00000000dcd80000)
  to   space 13824K, 0% used [0x00000000e0a80000,0x00000000e0a80000,0x00000000e1800000)
 ParOldGen       total 54272K, used 12203K [0x0000000081800000, 0x0000000084d00000, 0x00000000d5d80000)
  object space 54272K, 22% used [0x0000000081800000,0x00000000823eaeb8,0x0000000084d00000)
 Metaspace       used 33837K, capacity 35378K, committed 35496K, reserved 1079296K
  class space    used 4390K, capacity 4684K, committed 4784K, reserved 1048576K
}
Event: 8.947 GC heap before
{Heap before GC invocations=9 (full 2):
 PSYoungGen      total 114688K, used 10211K [0x00000000d5d80000, 0x00000000e1800000, 0x0000000100000000)
  eden space 104448K, 0% used [0x00000000d5d80000,0x00000000d5d80000,0x00000000dc380000)
  from space 10240K, 99% used [0x00000000dc380000,0x00000000dcd78c30,0x00000000dcd80000)
  to   space 13824K, 0% used [0x00000000e0a80000,0x00000000e0a80000,0x00000000e1800000)
 ParOldGen       total 54272K, used 12203K [0x0000000081800000, 0x0000000084d00000, 0x00000000d5d80000)
  object space 54272K, 22% used [0x0000000081800000,0x00000000823eaeb8,0x0000000084d00000)
 Metaspace       used 33837K, capacity 35378K, committed 35496K, reserved 1079296K
  class space    used 4390K, capacity 4684K, committed 4784K, reserved 1048576K
Event: 9.063 GC heap after
Heap after GC invocations=9 (full 2):
 PSYoungGen      total 114688K, used 0K [0x00000000d5d80000, 0x00000000e1800000, 0x0000000100000000)
  eden space 104448K, 0% used [0x00000000d5d80000,0x00000000d5d80000,0x00000000dc380000)
  from space 10240K, 0% used [0x00000000dc380000,0x00000000dc380000,0x00000000dcd80000)
  to   space 13824K, 0% used [0x00000000e0a80000,0x00000000e0a80000,0x00000000e1800000)
 ParOldGen       total 91648K, used 19105K [0x0000000081800000, 0x0000000087180000, 0x00000000d5d80000)
  object space 91648K, 20% used [0x0000000081800000,0x0000000082aa8428,0x0000000087180000)
 Metaspace       used 33837K, capacity 35378K, committed 35496K, reserved 1079296K
  class space    used 4390K, capacity 4684K, committed 4784K, reserved 1048576K
}
Event: 15.194 GC heap before
{Heap before GC invocations=10 (full 2):
 PSYoungGen      total 114688K, used 104448K [0x00000000d5d80000, 0x00000000e1800000, 0x0000000100000000)
  eden space 104448K, 100% used [0x00000000d5d80000,0x00000000dc380000,0x00000000dc380000)
  from space 10240K, 0% used [0x00000000dc380000,0x00000000dc380000,0x00000000dcd80000)
  to   space 13824K, 0% used [0x00000000e0a80000,0x00000000e0a80000,0x00000000e1800000)
 ParOldGen       total 91648K, used 19105K [0x0000000081800000, 0x0000000087180000, 0x00000000d5d80000)
  object space 91648K, 20% used [0x0000000081800000,0x0000000082aa8428,0x0000000087180000)
 Metaspace       used 46704K, capacity 48362K, committed 48808K, reserved 1091584K
  class space    used 6212K, capacity 6544K, committed 6576K, reserved 1048576K
Event: 15.216 GC heap after
Heap after GC invocations=10 (full 2):
 PSYoungGen      total 166912K, used 13801K [0x00000000d5d80000, 0x00000000e1800000, 0x0000000100000000)
  eden space 153088K, 0% used [0x00000000d5d80000,0x00000000d5d80000,0x00000000df300000)
  from space 13824K, 99% used [0x00000000e0a80000,0x00000000e17fa668,0x00000000e1800000)
  to   space 15872K, 0% used [0x00000000df900000,0x00000000df900000,0x00000000e0880000)
 ParOldGen       total 91648K, used 19420K [0x0000000081800000, 0x0000000087180000, 0x00000000d5d80000)
  object space 91648K, 21% used [0x0000000081800000,0x0000000082af7190,0x0000000087180000)
 Metaspace       used 46704K, capacity 48362K, committed 48808K, reserved 1091584K
  class space    used 6212K, capacity 6544K, committed 6576K, reserved 1048576K
}
Event: 23.438 GC heap before
{Heap before GC invocations=11 (full 2):
 PSYoungGen      total 166912K, used 150897K [0x00000000d5d80000, 0x00000000e1800000, 0x0000000100000000)
  eden space 153088K, 89% used [0x00000000d5d80000,0x00000000de362138,0x00000000df300000)
  from space 13824K, 99% used [0x00000000e0a80000,0x00000000e17fa668,0x00000000e1800000)
  to   space 15872K, 0% used [0x00000000df900000,0x00000000df900000,0x00000000e0880000)
 ParOldGen       total 91648K, used 19420K [0x0000000081800000, 0x0000000087180000, 0x00000000d5d80000)
  object space 91648K, 21% used [0x0000000081800000,0x0000000082af7190,0x0000000087180000)
 Metaspace       used 56523K, capacity 59076K, committed 59160K, reserved 1099776K
  class space    used 7595K, capacity 8041K, committed 8112K, reserved 1048576K
Event: 23.471 GC heap after
Heap after GC invocations=11 (full 2):
 PSYoungGen      total 175104K, used 15855K [0x00000000d5d80000, 0x00000000e3d80000, 0x0000000100000000)
  eden space 159232K, 0% used [0x00000000d5d80000,0x00000000d5d80000,0x00000000df900000)
  from space 15872K, 99% used [0x00000000df900000,0x00000000e087bd28,0x00000000e0880000)
  to   space 18944K, 0% used [0x00000000e2b00000,0x00000000e2b00000,0x00000000e3d80000)
 ParOldGen       total 91648K, used 21102K [0x0000000081800000, 0x0000000087180000, 0x00000000d5d80000)
  object space 91648K, 23% used [0x0000000081800000,0x0000000082c9ba20,0x0000000087180000)
 Metaspace       used 56523K, capacity 59076K, committed 59160K, reserved 1099776K
  class space    used 7595K, capacity 8041K, committed 8112K, reserved 1048576K
}
Event: 23.471 GC heap before
{Heap before GC invocations=12 (full 3):
 PSYoungGen      total 175104K, used 15855K [0x00000000d5d80000, 0x00000000e3d80000, 0x0000000100000000)
  eden space 159232K, 0% used [0x00000000d5d80000,0x00000000d5d80000,0x00000000df900000)
  from space 15872K, 99% used [0x00000000df900000,0x00000000e087bd28,0x00000000e0880000)
  to   space 18944K, 0% used [0x00000000e2b00000,0x00000000e2b00000,0x00000000e3d80000)
 ParOldGen       total 91648K, used 21102K [0x0000000081800000, 0x0000000087180000, 0x00000000d5d80000)
  object space 91648K, 23% used [0x0000000081800000,0x0000000082c9ba20,0x0000000087180000)
 Metaspace       used 56523K, capacity 59076K, committed 59160K, reserved 1099776K
  class space    used 7595K, capacity 8041K, committed 8112K, reserved 1048576K
Event: 23.680 GC heap after
Heap after GC invocations=12 (full 3):
 PSYoungGen      total 175104K, used 0K [0x00000000d5d80000, 0x00000000e3d80000, 0x0000000100000000)
  eden space 159232K, 0% used [0x00000000d5d80000,0x00000000d5d80000,0x00000000df900000)
  from space 15872K, 0% used [0x00000000df900000,0x00000000df900000,0x00000000e0880000)
  to   space 18944K, 0% used [0x00000000e2b00000,0x00000000e2b00000,0x00000000e3d80000)
 ParOldGen       total 128000K, used 31733K [0x0000000081800000, 0x0000000089500000, 0x00000000d5d80000)
  object space 128000K, 24% used [0x0000000081800000,0x00000000836fd488,0x0000000089500000)
 Metaspace       used 56523K, capacity 59076K, committed 59160K, reserved 1099776K
  class space    used 7595K, capacity 8041K, committed 8112K, reserved 1048576K
}

